<?xml version="1.0" encoding="UTF-8" ?>
<testsuite tests="1" failures="0" name="com.hwccy.MavenSpring.AppTest" time="2.791" errors="1" skipped="0">
  <properties>
[...]
</properties>
  <testcase classname="com.hwccy.MavenSpring.AppTest" name="testApp" time="2.791">
    <error type="java.lang.NullPointerException">java.lang.NullPointerException
	at com.hwccy.MavenSpring.AppTest.testApp(AppTest.java:96)
</error>
    <system-err>ʮ�� 20, 2015 11:57:02 ���� org.hibernate.annotations.common.reflection.java.JavaReflectionManager &lt;clinit&gt;
INFO: HCANN000001: Hibernate Commons Annotations {4.0.5.Final}
ʮ�� 20, 2015 11:57:02 ���� org.hibernate.Version logVersion
INFO: HHH000412: Hibernate Core {4.3.4.Final}
ʮ�� 20, 2015 11:57:02 ���� org.hibernate.cfg.Environment &lt;clinit&gt;
INFO: HHH000206: hibernate.properties not found
ʮ�� 20, 2015 11:57:02 ���� org.hibernate.cfg.Environment buildBytecodeProvider
INFO: HHH000021: Bytecode provider name : javassist
ʮ�� 20, 2015 11:57:02 ���� org.hibernate.cfg.Configuration configure
INFO: HHH000043: Configuring from resource: hibernate.cfg.xml
ʮ�� 20, 2015 11:57:02 ���� org.hibernate.cfg.Configuration getConfigurationInputStream
INFO: HHH000040: Configuration resource: hibernate.cfg.xml
ʮ�� 20, 2015 11:57:02 ���� org.hibernate.cfg.Configuration addResource
INFO: HHH000221: Reading mappings from resource: com/hwccy/entity-hbm/Student.hbm.xml
ʮ�� 20, 2015 11:57:02 ���� org.hibernate.internal.util.xml.DTDEntityResolver resolveEntity
WARN: HHH000223: Recognized obsolete hibernate namespace http://hibernate.sourceforge.net/. Use namespace http://www.hibernate.org/dtd/ instead. Refer to Hibernate 3.6 Migration Guide!
ʮ�� 20, 2015 11:57:03 ���� org.hibernate.cfg.Configuration addResource
INFO: HHH000221: Reading mappings from resource: com/hwccy/entity-hbm/Customer.hbm.xml
ʮ�� 20, 2015 11:57:03 ���� org.hibernate.internal.util.xml.DTDEntityResolver resolveEntity
WARN: HHH000223: Recognized obsolete hibernate namespace http://hibernate.sourceforge.net/. Use namespace http://www.hibernate.org/dtd/ instead. Refer to Hibernate 3.6 Migration Guide!
ʮ�� 20, 2015 11:57:03 ���� org.hibernate.cfg.Configuration addResource
INFO: HHH000221: Reading mappings from resource: com/hwccy/entity-hbm/Order.hbm.xml
ʮ�� 20, 2015 11:57:03 ���� org.hibernate.internal.util.xml.DTDEntityResolver resolveEntity
WARN: HHH000223: Recognized obsolete hibernate namespace http://hibernate.sourceforge.net/. Use namespace http://www.hibernate.org/dtd/ instead. Refer to Hibernate 3.6 Migration Guide!
ʮ�� 20, 2015 11:57:03 ���� org.hibernate.cfg.Configuration doConfigure
INFO: HHH000041: Configured SessionFactory: null
ʮ�� 20, 2015 11:57:03 ���� org.hibernate.engine.jdbc.connections.internal.DriverManagerConnectionProviderImpl configure
WARN: HHH000402: Using Hibernate built-in connection pool (not for production use!)
ʮ�� 20, 2015 11:57:03 ���� org.hibernate.engine.jdbc.connections.internal.DriverManagerConnectionProviderImpl buildCreator
INFO: HHH000401: using driver [com.mysql.jdbc.Driver] at URL [jdbc:mysql://localhost:3306/hibernatestudy]
ʮ�� 20, 2015 11:57:03 ���� org.hibernate.engine.jdbc.connections.internal.DriverManagerConnectionProviderImpl buildCreator
INFO: HHH000046: Connection properties: {user=root, password=****}
ʮ�� 20, 2015 11:57:03 ���� org.hibernate.engine.jdbc.connections.internal.DriverManagerConnectionProviderImpl buildCreator
INFO: HHH000006: Autocommit mode: false
ʮ�� 20, 2015 11:57:03 ���� org.hibernate.engine.jdbc.connections.internal.DriverManagerConnectionProviderImpl configure
INFO: HHH000115: Hibernate connection pool size: 20 (min=1)
ʮ�� 20, 2015 11:57:03 ���� org.hibernate.dialect.Dialect &lt;init&gt;
INFO: HHH000400: Using dialect: org.hibernate.dialect.MySQL5Dialect
ʮ�� 20, 2015 11:57:03 ���� org.hibernate.engine.jdbc.internal.LobCreatorBuilder useContextualLobCreation
INFO: HHH000423: Disabling contextual LOB creation as JDBC driver reported JDBC version [3] less than 4
ʮ�� 20, 2015 11:57:03 ���� org.hibernate.engine.transaction.internal.TransactionFactoryInitiator initiateService
INFO: HHH000399: Using default transaction strategy (direct JDBC transactions)
ʮ�� 20, 2015 11:57:03 ���� org.hibernate.hql.internal.ast.ASTQueryTranslatorFactory &lt;init&gt;
INFO: HHH000397: Using ASTQueryTranslatorFactory
org.hibernate.MappingException: Unknown entity: java.lang.String
	at org.hibernate.internal.SessionFactoryImpl.getEntityPersister(SessionFactoryImpl.java:1096)
	at org.hibernate.internal.SessionFactoryImpl.getIdentifierType(SessionFactoryImpl.java:1193)
	at org.hibernate.type.EntityType.getIdentifierType(EntityType.java:635)
	at org.hibernate.type.EntityType.getIdentifierOrUniqueKeyType(EntityType.java:672)
	at org.hibernate.type.ManyToOneType.nullSafeSet(ManyToOneType.java:174)
	at org.hibernate.param.NamedParameterSpecification.bind(NamedParameterSpecification.java:67)
	at org.hibernate.loader.hql.QueryLoader.bindParameterValues(QueryLoader.java:613)
	at org.hibernate.loader.Loader.prepareQueryStatement(Loader.java:1900)
	at org.hibernate.loader.Loader.executeQueryStatement(Loader.java:1861)
	at org.hibernate.loader.Loader.executeQueryStatement(Loader.java:1838)
	at org.hibernate.loader.Loader.doQuery(Loader.java:909)
	at org.hibernate.loader.Loader.doQueryAndInitializeNonLazyCollections(Loader.java:354)
	at org.hibernate.loader.Loader.doList(Loader.java:2553)
	at org.hibernate.loader.Loader.doList(Loader.java:2539)
	at org.hibernate.loader.Loader.listIgnoreQueryCache(Loader.java:2369)
	at org.hibernate.loader.Loader.list(Loader.java:2364)
	at org.hibernate.loader.hql.QueryLoader.list(QueryLoader.java:496)
	at org.hibernate.hql.internal.ast.QueryTranslatorImpl.list(QueryTranslatorImpl.java:387)
	at org.hibernate.engine.query.spi.HQLQueryPlan.performList(HQLQueryPlan.java:231)
	at org.hibernate.internal.SessionImpl.list(SessionImpl.java:1264)
	at org.hibernate.internal.QueryImpl.list(QueryImpl.java:103)
	at com.hwccy.MavenHibernate.dao.impl.BaseDAOImpl.select(BaseDAOImpl.java:67)
	at com.hwccy.MavenHibernate.dao.impl.CustomerDAOImpl.select(CustomerDAOImpl.java:18)
	at com.hwccy.MavenSpring.AppTest.testApp(AppTest.java:95)
	at sun.reflect.NativeMethodAccessorImpl.invoke0(Native Method)
	at sun.reflect.NativeMethodAccessorImpl.invoke(NativeMethodAccessorImpl.java:62)
	at sun.reflect.DelegatingMethodAccessorImpl.invoke(DelegatingMethodAccessorImpl.java:43)
	at java.lang.reflect.Method.invoke(Method.java:483)
	at junit.framework.TestCase.runTest(TestCase.java:154)
	at junit.framework.TestCase.runBare(TestCase.java:127)
	at junit.framework.TestResult$1.protect(TestResult.java:106)
	at junit.framework.TestResult.runProtected(TestResult.java:124)
	at junit.framework.TestResult.run(TestResult.java:109)
	at junit.framework.TestCase.run(TestCase.java:118)
	at junit.framework.TestSuite.runTest(TestSuite.java:208)
	at junit.framework.TestSuite.run(TestSuite.java:203)
	at sun.reflect.NativeMethodAccessorImpl.invoke0(Native Method)
	at sun.reflect.NativeMethodAccessorImpl.invoke(NativeMethodAccessorImpl.java:62)
	at sun.reflect.DelegatingMethodAccessorImpl.invoke(DelegatingMethodAccessorImpl.java:43)
	at java.lang.reflect.Method.invoke(Method.java:483)
	at org.apache.maven.surefire.junit.JUnitTestSet.execute(JUnitTestSet.java:95)
	at org.apache.maven.surefire.junit.JUnit3Provider.executeTestSet(JUnit3Provider.java:121)
	at org.apache.maven.surefire.junit.JUnit3Provider.invoke(JUnit3Provider.java:98)
	at sun.reflect.NativeMethodAccessorImpl.invoke0(Native Method)
	at sun.reflect.NativeMethodAccessorImpl.invoke(NativeMethodAccessorImpl.java:62)
	at sun.reflect.DelegatingMethodAccessorImpl.invoke(DelegatingMethodAccessorImpl.java:43)
	at java.lang.reflect.Method.invoke(Method.java:483)
	at org.apache.maven.surefire.util.ReflectionUtils.invokeMethodWithArray(ReflectionUtils.java:189)
	at org.apache.maven.surefire.booter.ProviderFactory$ProviderProxy.invoke(ProviderFactory.java:165)
	at org.apache.maven.surefire.booter.ProviderFactory.invokeProvider(ProviderFactory.java:85)
	at org.apache.maven.surefire.booter.ForkedBooter.runSuitesInProcess(ForkedBooter.java:115)
	at org.apache.maven.surefire.booter.ForkedBooter.main(ForkedBooter.java:75)
</system-err>
  </testcase>
</testsuite>